#
# There is insufficient memory for the Java Runtime Environment to continue.
# Cannot create GC thread. Out of system resources.
# Possible reasons:
#   The system is out of physical RAM or swap space
#   In 32 bit mode, the process size limit was hit
# Possible solutions:
#   Reduce memory load on the system
#   Increase physical memory or swap space
#   Check if swap backing store is full
#   Use 64 bit Java on a 64 bit OS
#   Decrease Java heap size (-Xmx/-Xms)
#   Decrease number of Java threads
#   Decrease Java thread stack sizes (-Xss)
#   Set larger code cache with -XX:ReservedCodeCacheSize=
# This output file may be truncated or incomplete.
#
#  Out of Memory Error (gcTaskThread.cpp:48), pid=19813, tid=0x00007f2566aff380
#
# JRE version:  (8.0_162-b12) (build )
# Java VM: OpenJDK 64-Bit Server VM (25.162-b12 mixed mode linux-amd64 compressed oops)
# Failed to write core dump. Core dumps have been disabled. To enable core dumping, try "ulimit -c unlimited" before starting Java again
#

---------------  T H R E A D  ---------------

Current thread (0x00005603e494b000):  JavaThread "Unknown thread" [_thread_in_vm, id=19813, stack(0x00007ffe454aa000,0x00007ffe455aa000)]

Stack: [0x00007ffe454aa000,0x00007ffe455aa000],  sp=0x00007ffe455a3be0,  free space=998k
Native frames: (J=compiled Java code, j=interpreted, Vv=VM code, C=native code)
V  [libjvm.so+0xaaa652]
V  [libjvm.so+0x4d7b27]
V  [libjvm.so+0x5b910f]
V  [libjvm.so+0x5b829d]
V  [libjvm.so+0x90dab1]
V  [libjvm.so+0xa6cd2a]
V  [libjvm.so+0xa6d015]
V  [libjvm.so+0x6235af]
V  [libjvm.so+0xa5076b]
V  [libjvm.so+0x6a6631]  JNI_CreateJavaVM+0x61
C  [libjli.so+0x2ce3]
C  [libjli.so+0x88b6]
C  [libjli.so+0x4b1a]
C  [libjli.so+0x5237]  JLI_Launch+0x587
C  [java+0x691]
C  [libc.so.6+0x211c1]  __libc_start_main+0xf1


---------------  P R O C E S S  ---------------

Java Threads: ( => current thread )

Other Threads:

=>0x00005603e494b000 (exited) JavaThread "Unknown thread" [_thread_in_vm, id=19813, stack(0x00007ffe454aa000,0x00007ffe455aa000)]

VM state:not at safepoint (not fully initialized)

VM Mutex/Monitor currently owned by a thread: None

GC Heap History (0 events):
No events

Deoptimization events (0 events):
No events

Classes redefined (0 events):
No events

Internal exceptions (0 events):
No events

Events (0 events):
No events


Dynamic libraries:
c2400000-c4d80000 rw-p 00000000 00:00 0 
c4d80000-eb700000 ---p 00000000 00:00 0 
eb700000-ecb80000 rw-p 00000000 00:00 0 
ecb80000-100000000 ---p 00000000 00:00 0 
5603e2fa8000-5603e2fa9000 r-xp 00000000 08:01 3411178                    /usr/lib/jvm/java-8-openjdk-amd64/jre/bin/java
5603e31a8000-5603e31a9000 r--p 00000000 08:01 3411178                    /usr/lib/jvm/java-8-openjdk-amd64/jre/bin/java
5603e31a9000-5603e31aa000 rw-p 00001000 08:01 3411178                    /usr/lib/jvm/java-8-openjdk-amd64/jre/bin/java
5603e492a000-5603e4973000 rw-p 00000000 00:00 0                          [heap]
7f2553cc6000-7f2553cdb000 rw-p 00000000 00:00 0 
7f2553cdb000-7f2553e10000 ---p 00000000 00:00 0 
7f2553e10000-7f2553e25000 rw-p 00000000 00:00 0 
7f2553e25000-7f2553f59000 ---p 00000000 00:00 0 
7f2553f59000-7f2553f64000 rw-p 00000000 00:00 0 
7f2553f64000-7f2553ffe000 ---p 00000000 00:00 0 
7f2553ffe000-7f2554009000 rw-p 00000000 00:00 0 
7f2554009000-7f25543bf000 ---p 00000000 00:00 0 
7f25543bf000-7f255462f000 rwxp 00000000 00:00 0 
7f255462f000-7f25633bf000 ---p 00000000 00:00 0 
7f25633bf000-7f25633c7000 r-xp 00000000 08:01 3413089                    /usr/lib/jvm/java-8-openjdk-amd64/jre/lib/amd64/libzip.so
7f25633c7000-7f25635c6000 ---p 00008000 08:01 3413089                    /usr/lib/jvm/java-8-openjdk-amd64/jre/lib/amd64/libzip.so
7f25635c6000-7f25635c7000 r--p 00007000 08:01 3413089                    /usr/lib/jvm/java-8-openjdk-amd64/jre/lib/amd64/libzip.so
7f25635c7000-7f25635c8000 rw-p 00008000 08:01 3413089                    /usr/lib/jvm/java-8-openjdk-amd64/jre/lib/amd64/libzip.so
7f25635c8000-7f25635d3000 r-xp 00000000 08:01 5505118                    /lib/x86_64-linux-gnu/libnss_files-2.26.so
7f25635d3000-7f25637d2000 ---p 0000b000 08:01 5505118                    /lib/x86_64-linux-gnu/libnss_files-2.26.so
7f25637d2000-7f25637d3000 r--p 0000a000 08:01 5505118                    /lib/x86_64-linux-gnu/libnss_files-2.26.so
7f25637d3000-7f25637d4000 rw-p 0000b000 08:01 5505118                    /lib/x86_64-linux-gnu/libnss_files-2.26.so
7f25637d4000-7f25637da000 rw-p 00000000 00:00 0 
7f25637da000-7f25637e5000 r-xp 00000000 08:01 5505120                    /lib/x86_64-linux-gnu/libnss_nis-2.26.so
7f25637e5000-7f25639e4000 ---p 0000b000 08:01 5505120                    /lib/x86_64-linux-gnu/libnss_nis-2.26.so
7f25639e4000-7f25639e5000 r--p 0000a000 08:01 5505120                    /lib/x86_64-linux-gnu/libnss_nis-2.26.so
7f25639e5000-7f25639e6000 rw-p 0000b000 08:01 5505120                    /lib/x86_64-linux-gnu/libnss_nis-2.26.so
7f25639e6000-7f25639fd000 r-xp 00000000 08:01 5505115                    /lib/x86_64-linux-gnu/libnsl-2.26.so
7f25639fd000-7f2563bfc000 ---p 00017000 08:01 5505115                    /lib/x86_64-linux-gnu/libnsl-2.26.so
7f2563bfc000-7f2563bfd000 r--p 00016000 08:01 5505115                    /lib/x86_64-linux-gnu/libnsl-2.26.so
7f2563bfd000-7f2563bfe000 rw-p 00017000 08:01 5505115                    /lib/x86_64-linux-gnu/libnsl-2.26.so
7f2563bfe000-7f2563c00000 rw-p 00000000 00:00 0 
7f2563c00000-7f2563c08000 r-xp 00000000 08:01 5505116                    /lib/x86_64-linux-gnu/libnss_compat-2.26.so
7f2563c08000-7f2563e07000 ---p 00008000 08:01 5505116                    /lib/x86_64-linux-gnu/libnss_compat-2.26.so
7f2563e07000-7f2563e08000 r--p 00007000 08:01 5505116                    /lib/x86_64-linux-gnu/libnss_compat-2.26.so
7f2563e08000-7f2563e09000 rw-p 00008000 08:01 5505116                    /lib/x86_64-linux-gnu/libnss_compat-2.26.so
7f2563e09000-7f2563e37000 r-xp 00000000 08:01 3413070                    /usr/lib/jvm/java-8-openjdk-amd64/jre/lib/amd64/libjava.so
7f2563e37000-7f2564036000 ---p 0002e000 08:01 3413070                    /usr/lib/jvm/java-8-openjdk-amd64/jre/lib/amd64/libjava.so
7f2564036000-7f2564037000 r--p 0002d000 08:01 3413070                    /usr/lib/jvm/java-8-openjdk-amd64/jre/lib/amd64/libjava.so
7f2564037000-7f2564039000 rw-p 0002e000 08:01 3413070                    /usr/lib/jvm/java-8-openjdk-amd64/jre/lib/amd64/libjava.so
7f2564039000-7f2564049000 r-xp 00000000 08:01 3413088                    /usr/lib/jvm/java-8-openjdk-amd64/jre/lib/amd64/libverify.so
7f2564049000-7f2564248000 ---p 00010000 08:01 3413088                    /usr/lib/jvm/java-8-openjdk-amd64/jre/lib/amd64/libverify.so
7f2564248000-7f256424a000 r--p 0000f000 08:01 3413088                    /usr/lib/jvm/java-8-openjdk-amd64/jre/lib/amd64/libverify.so
7f256424a000-7f256424b000 rw-p 00011000 08:01 3413088                    /usr/lib/jvm/java-8-openjdk-amd64/jre/lib/amd64/libverify.so
7f256424b000-7f2564252000 r-xp 00000000 08:01 5509505                    /lib/x86_64-linux-gnu/librt-2.26.so
7f2564252000-7f2564451000 ---p 00007000 08:01 5509505                    /lib/x86_64-linux-gnu/librt-2.26.so
7f2564451000-7f2564452000 r--p 00006000 08:01 5509505                    /lib/x86_64-linux-gnu/librt-2.26.so
7f2564452000-7f2564453000 rw-p 00007000 08:01 5509505                    /lib/x86_64-linux-gnu/librt-2.26.so
7f2564453000-7f2564469000 r-xp 00000000 08:01 5505030                    /lib/x86_64-linux-gnu/libgcc_s.so.1
7f2564469000-7f2564668000 ---p 00016000 08:01 5505030                    /lib/x86_64-linux-gnu/libgcc_s.so.1
7f2564668000-7f2564669000 r--p 00015000 08:01 5505030                    /lib/x86_64-linux-gnu/libgcc_s.so.1
7f2564669000-7f256466a000 rw-p 00016000 08:01 5505030                    /lib/x86_64-linux-gnu/libgcc_s.so.1
7f256466a000-7f25647bf000 r-xp 00000000 08:01 5505112                    /lib/x86_64-linux-gnu/libm-2.26.so
7f25647bf000-7f25649be000 ---p 00155000 08:01 5505112                    /lib/x86_64-linux-gnu/libm-2.26.so
7f25649be000-7f25649bf000 r--p 00154000 08:01 5505112                    /lib/x86_64-linux-gnu/libm-2.26.so
7f25649bf000-7f25649c0000 rw-p 00155000 08:01 5505112                    /lib/x86_64-linux-gnu/libm-2.26.so
7f25649c0000-7f2564b38000 r-xp 00000000 08:01 3408058                    /usr/lib/x86_64-linux-gnu/libstdc++.so.6.0.24
7f2564b38000-7f2564d37000 ---p 00178000 08:01 3408058                    /usr/lib/x86_64-linux-gnu/libstdc++.so.6.0.24
7f2564d37000-7f2564d41000 r--p 00177000 08:01 3408058                    /usr/lib/x86_64-linux-gnu/libstdc++.so.6.0.24
7f2564d41000-7f2564d43000 rw-p 00181000 08:01 3408058                    /usr/lib/x86_64-linux-gnu/libstdc++.so.6.0.24
7f2564d43000-7f2564d46000 rw-p 00000000 00:00 0 
7f2564d46000-7f25659d6000 r-xp 00000000 08:01 3413091                    /usr/lib/jvm/java-8-openjdk-amd64/jre/lib/amd64/server/libjvm.so
7f25659d6000-7f2565bd6000 ---p 00c90000 08:01 3413091                    /usr/lib/jvm/java-8-openjdk-amd64/jre/lib/amd64/server/libjvm.so
7f2565bd6000-7f2565c69000 r--p 00c90000 08:01 3413091                    /usr/lib/jvm/java-8-openjdk-amd64/jre/lib/amd64/server/libjvm.so
7f2565c69000-7f2565c91000 rw-p 00d23000 08:01 3413091                    /usr/lib/jvm/java-8-openjdk-amd64/jre/lib/amd64/server/libjvm.so
7f2565c91000-7f2565cc2000 rw-p 00000000 00:00 0 
7f2565cc2000-7f2565cdc000 r-xp 00000000 08:01 5509443                    /lib/x86_64-linux-gnu/libpthread-2.26.so
7f2565cdc000-7f2565edb000 ---p 0001a000 08:01 5509443                    /lib/x86_64-linux-gnu/libpthread-2.26.so
7f2565edb000-7f2565edc000 r--p 00019000 08:01 5509443                    /lib/x86_64-linux-gnu/libpthread-2.26.so
7f2565edc000-7f2565edd000 rw-p 0001a000 08:01 5509443                    /lib/x86_64-linux-gnu/libpthread-2.26.so
7f2565edd000-7f2565ee1000 rw-p 00000000 00:00 0 
7f2565ee1000-7f2565ee4000 r-xp 00000000 08:01 5505111                    /lib/x86_64-linux-gnu/libdl-2.26.so
7f2565ee4000-7f25660e3000 ---p 00003000 08:01 5505111                    /lib/x86_64-linux-gnu/libdl-2.26.so
7f25660e3000-7f25660e4000 r--p 00002000 08:01 5505111                    /lib/x86_64-linux-gnu/libdl-2.26.so
7f25660e4000-7f25660e5000 rw-p 00003000 08:01 5505111                    /lib/x86_64-linux-gnu/libdl-2.26.so
7f25660e5000-7f2566101000 r-xp 00000000 08:01 5509727                    /lib/x86_64-linux-gnu/libz.so.1.2.11
7f2566101000-7f2566300000 ---p 0001c000 08:01 5509727                    /lib/x86_64-linux-gnu/libz.so.1.2.11
7f2566300000-7f2566301000 r--p 0001b000 08:01 5509727                    /lib/x86_64-linux-gnu/libz.so.1.2.11
7f2566301000-7f2566302000 rw-p 0001c000 08:01 5509727                    /lib/x86_64-linux-gnu/libz.so.1.2.11
7f2566302000-7f25664d8000 r-xp 00000000 08:01 5505108                    /lib/x86_64-linux-gnu/libc-2.26.so
7f25664d8000-7f25666d8000 ---p 001d6000 08:01 5505108                    /lib/x86_64-linux-gnu/libc-2.26.so
7f25666d8000-7f25666dc000 r--p 001d6000 08:01 5505108                    /lib/x86_64-linux-gnu/libc-2.26.so
7f25666dc000-7f25666de000 rw-p 001da000 08:01 5505108                    /lib/x86_64-linux-gnu/libc-2.26.so
7f25666de000-7f25666e2000 rw-p 00000000 00:00 0 
7f25666e2000-7f25666f0000 r-xp 00000000 08:01 3411192                    /usr/lib/jvm/java-8-openjdk-amd64/jre/lib/amd64/jli/libjli.so
7f25666f0000-7f25668ef000 ---p 0000e000 08:01 3411192                    /usr/lib/jvm/java-8-openjdk-amd64/jre/lib/amd64/jli/libjli.so
7f25668ef000-7f25668f0000 r--p 0000d000 08:01 3411192                    /usr/lib/jvm/java-8-openjdk-amd64/jre/lib/amd64/jli/libjli.so
7f25668f0000-7f25668f1000 rw-p 0000e000 08:01 3411192                    /usr/lib/jvm/java-8-openjdk-amd64/jre/lib/amd64/jli/libjli.so
7f25668f1000-7f2566918000 r-xp 00000000 08:01 5505040                    /lib/x86_64-linux-gnu/ld-2.26.so
7f25669fd000-7f25669fe000 ---p 00000000 00:00 0 
7f25669fe000-7f2566b00000 rw-p 00000000 00:00 0 
7f2566b0c000-7f2566b14000 rw-s 00000000 08:01 21102928                   /tmp/hsperfdata_patrick/19813
7f2566b14000-7f2566b15000 rw-p 00000000 00:00 0 
7f2566b15000-7f2566b16000 r--p 00000000 00:00 0 
7f2566b16000-7f2566b18000 rw-p 00000000 00:00 0 
7f2566b18000-7f2566b19000 r--p 00027000 08:01 5505040                    /lib/x86_64-linux-gnu/ld-2.26.so
7f2566b19000-7f2566b1a000 rw-p 00028000 08:01 5505040                    /lib/x86_64-linux-gnu/ld-2.26.so
7f2566b1a000-7f2566b1b000 rw-p 00000000 00:00 0 
7ffe454aa000-7ffe454ad000 ---p 00000000 00:00 0 
7ffe454ad000-7ffe455aa000 rw-p 00000000 00:00 0                          [stack]
7ffe455d8000-7ffe455db000 r--p 00000000 00:00 0                          [vvar]
7ffe455db000-7ffe455dd000 r-xp 00000000 00:00 0                          [vdso]
ffffffffff600000-ffffffffff601000 r-xp 00000000 00:00 0                  [vsyscall]

VM Arguments:
jvm_args: -Dfile.encoding=UTF-8 
java_command: client.Client
java_class_path (initial): /usr/lib/jvm/java-8-openjdk-amd64/jre/lib/resources.jar:/usr/lib/jvm/java-8-openjdk-amd64/jre/lib/rt.jar:/usr/lib/jvm/java-8-openjdk-amd64/jre/lib/jsse.jar:/usr/lib/jvm/java-8-openjdk-amd64/jre/lib/jce.jar:/usr/lib/jvm/java-8-openjdk-amd64/jre/lib/charsets.jar:/usr/lib/jvm/java-8-openjdk-amd64/jre/lib/ext/sunjce_provider.jar:/usr/lib/jvm/java-8-openjdk-amd64/jre/lib/ext/cldrdata.jar:/usr/lib/jvm/java-8-openjdk-amd64/jre/lib/ext/jaccess.jar:/usr/lib/jvm/java-8-openjdk-amd64/jre/lib/ext/sunec.jar:/usr/lib/jvm/java-8-openjdk-amd64/jre/lib/ext/java-atk-wrapper.jar:/usr/lib/jvm/java-8-openjdk-amd64/jre/lib/ext/sunpkcs11.jar:/usr/lib/jvm/java-8-openjdk-amd64/jre/lib/ext/nashorn.jar:/usr/lib/jvm/java-8-openjdk-amd64/jre/lib/ext/localedata.jar:/usr/lib/jvm/java-8-openjdk-amd64/jre/lib/ext/icedtea-sound.jar:/usr/lib/jvm/java-8-openjdk-amd64/jre/lib/ext/dnsns.jar:/usr/lib/jvm/java-8-openjdk-amd64/jre/lib/ext/zipfs.jar:/home/patrick/DevZone/Workspace/Web/bin
Launcher Type: SUN_STANDARD

Environment Variables:
PATH=/usr/local/sbin:/usr/local/bin:/usr/sbin:/usr/bin:/sbin:/bin:/usr/games:/usr/local/games:/snap/bin
USERNAME=patrick
SHELL=/bin/bash
DISPLAY=:0

Signal Handlers:
SIGSEGV: [libjvm.so+0xaaafa0], sa_mask[0]=11111111011111111101111111111110, sa_flags=SA_RESTART|SA_SIGINFO
SIGBUS: [libjvm.so+0xaaafa0], sa_mask[0]=11111111011111111101111111111110, sa_flags=SA_RESTART|SA_SIGINFO
SIGFPE: [libjvm.so+0x8e12c0], sa_mask[0]=11111111011111111101111111111110, sa_flags=SA_RESTART|SA_SIGINFO
SIGPIPE: [libjvm.so+0x8e12c0], sa_mask[0]=11111111011111111101111111111110, sa_flags=SA_RESTART|SA_SIGINFO
SIGXFSZ: [libjvm.so+0x8e12c0], sa_mask[0]=11111111011111111101111111111110, sa_flags=SA_RESTART|SA_SIGINFO
SIGILL: [libjvm.so+0x8e12c0], sa_mask[0]=11111111011111111101111111111110, sa_flags=SA_RESTART|SA_SIGINFO
SIGUSR1: SIG_DFL, sa_mask[0]=00000000000000000000000000000000, sa_flags=none
SIGUSR2: [libjvm.so+0x8e1170], sa_mask[0]=00100000000000000000000000000000, sa_flags=SA_RESTART|SA_SIGINFO
SIGHUP: SIG_DFL, sa_mask[0]=00000000000000000000000000000000, sa_flags=none
SIGINT: SIG_DFL, sa_mask[0]=00000000000000000000000000000000, sa_flags=none
SIGTERM: SIG_DFL, sa_mask[0]=00000000000000000000000000000000, sa_flags=none
SIGQUIT: SIG_DFL, sa_mask[0]=00000000000000000000000000000000, sa_flags=none


---------------  S Y S T E M  ---------------

OS:DISTRIB_ID=Ubuntu
DISTRIB_RELEASE=17.10
DISTRIB_CODENAME=artful
DISTRIB_DESCRIPTION="Ubuntu 17.10"

uname:Linux 4.13.0-38-generic #43-Ubuntu SMP Wed Mar 14 15:20:44 UTC 2018 x86_64
libc:glibc 2.26 NPTL 2.26 
rlimit: STACK 8192k, CORE 0k, NPROC 15308, NOFILE 1048576, AS infinity
load average:1.20 0.98 0.74

/proc/meminfo:
MemTotal:        4039100 kB
MemFree:          106660 kB
MemAvailable:     279336 kB
Buffers:            1784 kB
Cached:           370532 kB
SwapCached:          520 kB
Active:          2608692 kB
Inactive:         673792 kB
Active(anon):    2439940 kB
Inactive(anon):   500508 kB
Active(file):     168752 kB
Inactive(file):   173284 kB
Unevictable:         424 kB
Mlocked:             424 kB
SwapTotal:       2097148 kB
SwapFree:        2089968 kB
Dirty:               244 kB
Writeback:             0 kB
AnonPages:       2910284 kB
Mapped:           359320 kB
Shmem:             30072 kB
Slab:             192316 kB
SReclaimable:      69052 kB
SUnreclaim:       123264 kB
KernelStack:      178944 kB
PageTables:        84848 kB
NFS_Unstable:          0 kB
Bounce:                0 kB
WritebackTmp:          0 kB
CommitLimit:     4116696 kB
Committed_AS:   19242800 kB
VmallocTotal:   34359738367 kB
VmallocUsed:           0 kB
VmallocChunk:          0 kB
HardwareCorrupted:     0 kB
AnonHugePages:         0 kB
ShmemHugePages:        0 kB
ShmemPmdMapped:        0 kB
CmaTotal:              0 kB
CmaFree:               0 kB
HugePages_Total:       0
HugePages_Free:        0
HugePages_Rsvd:        0
HugePages_Surp:        0
Hugepagesize:       2048 kB
DirectMap4k:      684736 kB
DirectMap2M:     3508224 kB
DirectMap1G:           0 kB


CPU:total 4 (initial active 4) (4 cores per cpu, 1 threads per core) family 16 model 5 stepping 3, cmov, cx8, fxsr, mmx, sse, sse2, sse3, popcnt, mmxext, 3dnowpref, lzcnt, sse4a, tsc, tscinvbit, tscinv

/proc/cpuinfo:
processor	: 0
vendor_id	: AuthenticAMD
cpu family	: 16
model		: 5
model name	: AMD Phenom(tm) II N930 Quad-Core Processor
stepping	: 3
microcode	: 0x10000b6
cpu MHz		: 1400.000
cache size	: 512 KB
physical id	: 0
siblings	: 4
core id		: 0
cpu cores	: 4
apicid		: 0
initial apicid	: 0
fpu		: yes
fpu_exception	: yes
cpuid level	: 5
wp		: yes
flags		: fpu vme de pse tsc msr pae mce cx8 apic sep mtrr pge mca cmov pat pse36 clflush mmx fxsr sse sse2 ht syscall nx mmxext fxsr_opt pdpe1gb rdtscp lm 3dnowext 3dnow constant_tsc rep_good nopl nonstop_tsc cpuid extd_apicid pni monitor cx16 popcnt lahf_lm cmp_legacy svm extapic cr8_legacy abm sse4a misalignsse 3dnowprefetch osvw ibs skinit wdt nodeid_msr hw_pstate retpoline retpoline_amd rsb_ctxsw vmmcall npt lbrv svm_lock nrip_save
bugs		: tlb_mmatch apic_c1e fxsave_leak sysret_ss_attrs null_seg amd_e400 spectre_v1 spectre_v2
bogomips	: 3990.32
TLB size	: 1024 4K pages
clflush size	: 64
cache_alignment	: 64
address sizes	: 48 bits physical, 48 bits virtual
power management: ts ttp tm stc 100mhzsteps hwpstate

processor	: 1
vendor_id	: AuthenticAMD
cpu family	: 16
model		: 5
model name	: AMD Phenom(tm) II N930 Quad-Core Processor
stepping	: 3
microcode	: 0x10000b6
cpu MHz		: 1100.000
cache size	: 512 KB
physical id	: 0
siblings	: 4
core id		: 1
cpu cores	: 4
apicid		: 1
initial apicid	: 1
fpu		: yes
fpu_exception	: yes
cpuid level	: 5
wp		: yes
flags		: fpu vme de pse tsc msr pae mce cx8 apic sep mtrr pge mca cmov pat pse36 clflush mmx fxsr sse sse2 ht syscall nx mmxext fxsr_opt pdpe1gb rdtscp lm 3dnowext 3dnow constant_tsc rep_good nopl nonstop_tsc cpuid extd_apicid pni monitor cx16 popcnt lahf_lm cmp_legacy svm extapic cr8_legacy abm sse4a misalignsse 3dnowprefetch osvw ibs skinit wdt nodeid_msr hw_pstate retpoline retpoline_amd rsb_ctxsw vmmcall npt lbrv svm_lock nrip_save
bugs		: tlb_mmatch apic_c1e fxsave_leak sysret_ss_attrs null_seg amd_e400 spectre_v1 spectre_v2
bogomips	: 3990.32
TLB size	: 1024 4K pages
clflush size	: 64
cache_alignment	: 64
address sizes	: 48 bits physical, 48 bits virtual
power management: ts ttp tm stc 100mhzsteps hwpstate

processor	: 2
vendor_id	: AuthenticAMD
cpu family	: 16
model		: 5
model name	: AMD Phenom(tm) II N930 Quad-Core Processor
stepping	: 3
microcode	: 0x10000b6
cpu MHz		: 2000.000
cache size	: 512 KB
physical id	: 0
siblings	: 4
core id		: 2
cpu cores	: 4
apicid		: 2
initial apicid	: 2
fpu		: yes
fpu_exception	: yes
cpuid level	: 5
wp		: yes
flags		: fpu vme de pse tsc msr pae mce cx8 apic sep mtrr pge mca cmov pat pse36 clflush mmx fxsr sse sse2 ht syscall nx mmxext fxsr_opt pdpe1gb rdtscp lm 3dnowext 3dnow constant_tsc rep_good nopl nonstop_tsc cpuid extd_apicid pni monitor cx16 popcnt lahf_lm cmp_legacy svm extapic cr8_legacy abm sse4a misalignsse 3dnowprefetch osvw ibs skinit wdt nodeid_msr hw_pstate retpoline retpoline_amd rsb_ctxsw vmmcall npt lbrv svm_lock nrip_save
bugs		: tlb_mmatch apic_c1e fxsave_leak sysret_ss_attrs null_seg amd_e400 spectre_v1 spectre_v2
bogomips	: 3990.32
TLB size	: 1024 4K pages
clflush size	: 64
cache_alignment	: 64
address sizes	: 48 bits physical, 48 bits virtual
power management: ts ttp tm stc 100mhzsteps hwpstate

processor	: 3
vendor_id	: AuthenticAMD
cpu family	: 16
model		: 5
model name	: AMD Phenom(tm) II N930 Quad-Core Processor
stepping	: 3
microcode	: 0x10000b6
cpu MHz		: 800.000
cache size	: 512 KB
physical id	: 0
siblings	: 4
core id		: 3
cpu cores	: 4
apicid		: 3
initial apicid	: 3
fpu		: yes
fpu_exception	: yes
cpuid level	: 5
wp		: yes
flags		: fpu vme de pse tsc msr pae mce cx8 apic sep mtrr pge mca cmov pat pse36 clflush mmx fxsr sse sse2 ht syscall nx mmxext fxsr_opt pdpe1gb rdtscp lm 3dnowext 3dnow constant_tsc rep_good nopl nonstop_tsc cpuid extd_apicid pni monitor cx16 popcnt lahf_lm cmp_legacy svm extapic cr8_legacy abm sse4a misalignsse 3dnowprefetch osvw ibs skinit wdt nodeid_msr hw_pstate retpoline retpoline_amd rsb_ctxsw vmmcall npt lbrv svm_lock nrip_save
bugs		: tlb_mmatch apic_c1e fxsave_leak sysret_ss_attrs null_seg amd_e400 spectre_v1 spectre_v2
bogomips	: 3990.32
TLB size	: 1024 4K pages
clflush size	: 64
cache_alignment	: 64
address sizes	: 48 bits physical, 48 bits virtual
power management: ts ttp tm stc 100mhzsteps hwpstate



Memory: 4k page, physical 4039100k(106660k free), swap 2097148k(2089968k free)

vm_info: OpenJDK 64-Bit Server VM (25.162-b12) for linux-amd64 JRE (1.8.0_162-8u162-b12-0ubuntu0.17.10.2-b12), built on Mar 13 2018 22:44:51 by "buildd" with gcc 7.2.0

time: Fri Apr  6 16:48:45 2018
elapsed time: 0 seconds (0d 0h 0m 0s)

